Command line:
   MEM_isim_beh.exe
     -simmode  gui
     -simrunnum  0
     -socket  49683

Thu May 21 09:23:19 2015


 Elaboration Time: 0.031201 sec

 Current Memory Usage: 506.769 Meg

 Total Signals          : 7
 Total Nets             : 155
 Total Signal Drivers   : 2
 Total Blocks           : 4
 Total Primitive Blocks : 4
 Total Processes        : 1
 Total Traceable Variables  : 10
 Total Scalar Nets and Variables : 533
Total Line Count : 5

 Total Simulation Time: 0.046801 sec

 Current Memory Usage: 506.769 Meg

Thu May 21 09:23:26 2015

