Release 13.4 - xst O.87xd (nt64)
Copyright (c) 1995-2011 Xilinx, Inc.  All rights reserved.
--> Parameter TMPDIR set to xst/projnav.tmp


Total REAL time to Xst completion: 0.00 secs
Total CPU time to Xst completion: 0.10 secs
 
--> Parameter xsthdpdir set to xst


Total REAL time to Xst completion: 0.00 secs
Total CPU time to Xst completion: 0.10 secs
 
--> Reading design: DI.prj

TABLE OF CONTENTS
  1) Synthesis Options Summary
  2) HDL Parsing
  3) HDL Elaboration
  4) HDL Synthesis
       4.1) HDL Synthesis Report
  5) Advanced HDL Synthesis
       5.1) Advanced HDL Synthesis Report
  6) Low Level Synthesis
  7) Partition Report
  8) Design Summary
       8.1) Primitive and Black Box Usage
       8.2) Device utilization summary
       8.3) Partition Resource Summary
       8.4) Timing Report
            8.4.1) Clock Information
            8.4.2) Asynchronous Control Signals Information
            8.4.3) Timing Summary
            8.4.4) Timing Details
            8.4.5) Cross Clock Domains Report


=========================================================================
*                      Synthesis Options Summary                        *
=========================================================================
---- Source Parameters
Input File Name                    : "DI.prj"
Ignore Synthesis Constraint File   : NO

---- Target Parameters
Output File Name                   : "DI"
Output Format                      : NGC
Target Device                      : xc6slx16-3-csg324

---- Source Options
Top Module Name                    : DI
Automatic FSM Extraction           : YES
FSM Encoding Algorithm             : Auto
Safe Implementation                : No
FSM Style                          : LUT
RAM Extraction                     : Yes
RAM Style                          : Auto
ROM Extraction                     : Yes
Shift Register Extraction          : YES
ROM Style                          : Auto
Resource Sharing                   : YES
Asynchronous To Synchronous        : NO
Shift Register Minimum Size        : 2
Use DSP Block                      : Auto
Automatic Register Balancing       : No

---- Target Options
LUT Combining                      : Auto
Reduce Control Sets                : Auto
Add IO Buffers                     : YES
Global Maximum Fanout              : 100000
Add Generic Clock Buffer(BUFG)     : 16
Register Duplication               : YES
Optimize Instantiated Primitives   : NO
Use Clock Enable                   : Auto
Use Synchronous Set                : Auto
Use Synchronous Reset              : Auto
Pack IO Registers into IOBs        : Auto
Equivalent register Removal        : YES

---- General Options
Optimization Goal                  : Speed
Optimization Effort                : 1
Power Reduction                    : NO
Keep Hierarchy                     : No
Netlist Hierarchy                  : As_Optimized
RTL Output                         : Yes
Global Optimization                : AllClockNets
Read Cores                         : YES
Write Timing Constraints           : NO
Cross Clock Analysis               : NO
Hierarchy Separator                : /
Bus Delimiter                      : <>
Case Specifier                     : Maintain
Slice Utilization Ratio            : 100
BRAM Utilization Ratio             : 100
DSP48 Utilization Ratio            : 100
Auto BRAM Packing                  : NO
Slice Utilization Ratio Delta      : 5

=========================================================================

INFO:Xst - Part-select index evaluated to out of bound value may lead to incorrect synthesis results; it is recommended not to use them in RTL

=========================================================================
*                          HDL Parsing                                  *
=========================================================================
Parsing VHDL file "C:\Users\Anthony\Documents\GitHub\CCompilator\VHDL\RISC_processor\DI.vhd" into library work
Parsing entity <DI>.
Parsing architecture <Behavioral> of entity <di>.

=========================================================================
*                            HDL Elaboration                            *
=========================================================================

Elaborating entity <DI> (architecture <Behavioral>) from library <work>.

=========================================================================
*                           HDL Synthesis                               *
=========================================================================

Synthesizing Unit <DI>.
    Related source file is "c:/users/anthony/documents/github/ccompilator/vhdl/risc_processor/di.vhd".
WARNING:Xst:737 - Found 1-bit latch for signal <Sigouta<7>>. Latches may be generated from incomplete case or if statements. We do not recommend the use of latches in FPGA/CPLD designs, as they may lead to timing problems.
WARNING:Xst:737 - Found 1-bit latch for signal <Sigouta<6>>. Latches may be generated from incomplete case or if statements. We do not recommend the use of latches in FPGA/CPLD designs, as they may lead to timing problems.
WARNING:Xst:737 - Found 1-bit latch for signal <Sigouta<5>>. Latches may be generated from incomplete case or if statements. We do not recommend the use of latches in FPGA/CPLD designs, as they may lead to timing problems.
WARNING:Xst:737 - Found 1-bit latch for signal <Sigouta<4>>. Latches may be generated from incomplete case or if statements. We do not recommend the use of latches in FPGA/CPLD designs, as they may lead to timing problems.
WARNING:Xst:737 - Found 1-bit latch for signal <Sigouta<3>>. Latches may be generated from incomplete case or if statements. We do not recommend the use of latches in FPGA/CPLD designs, as they may lead to timing problems.
WARNING:Xst:737 - Found 1-bit latch for signal <Sigouta<2>>. Latches may be generated from incomplete case or if statements. We do not recommend the use of latches in FPGA/CPLD designs, as they may lead to timing problems.
WARNING:Xst:737 - Found 1-bit latch for signal <Sigouta<1>>. Latches may be generated from incomplete case or if statements. We do not recommend the use of latches in FPGA/CPLD designs, as they may lead to timing problems.
WARNING:Xst:737 - Found 1-bit latch for signal <Sigouta<0>>. Latches may be generated from incomplete case or if statements. We do not recommend the use of latches in FPGA/CPLD designs, as they may lead to timing problems.
WARNING:Xst:737 - Found 1-bit latch for signal <Sigoutb<7>>. Latches may be generated from incomplete case or if statements. We do not recommend the use of latches in FPGA/CPLD designs, as they may lead to timing problems.
WARNING:Xst:737 - Found 1-bit latch for signal <Sigoutb<6>>. Latches may be generated from incomplete case or if statements. We do not recommend the use of latches in FPGA/CPLD designs, as they may lead to timing problems.
WARNING:Xst:737 - Found 1-bit latch for signal <Sigoutb<5>>. Latches may be generated from incomplete case or if statements. We do not recommend the use of latches in FPGA/CPLD designs, as they may lead to timing problems.
WARNING:Xst:737 - Found 1-bit latch for signal <Sigoutb<4>>. Latches may be generated from incomplete case or if statements. We do not recommend the use of latches in FPGA/CPLD designs, as they may lead to timing problems.
WARNING:Xst:737 - Found 1-bit latch for signal <Sigoutb<3>>. Latches may be generated from incomplete case or if statements. We do not recommend the use of latches in FPGA/CPLD designs, as they may lead to timing problems.
WARNING:Xst:737 - Found 1-bit latch for signal <Sigoutb<2>>. Latches may be generated from incomplete case or if statements. We do not recommend the use of latches in FPGA/CPLD designs, as they may lead to timing problems.
WARNING:Xst:737 - Found 1-bit latch for signal <Sigoutb<1>>. Latches may be generated from incomplete case or if statements. We do not recommend the use of latches in FPGA/CPLD designs, as they may lead to timing problems.
WARNING:Xst:737 - Found 1-bit latch for signal <Sigoutb<0>>. Latches may be generated from incomplete case or if statements. We do not recommend the use of latches in FPGA/CPLD designs, as they may lead to timing problems.
    Found 4-bit comparator equal for signal <addrw[3]_addra[3]_equal_66_o> created at line 80
    Found 4-bit comparator equal for signal <n0021> created at line 81
    WARNING:Xst:2404 -  FFs/Latches <bench<1><1:2>> (without init value) have a constant value of 1 in block <DI>.
    WARNING:Xst:2404 -  FFs/Latches <bench<1><2:7>> (without init value) have a constant value of 0 in block <DI>.
    WARNING:Xst:2404 -  FFs/Latches <bench<2><1:3>> (without init value) have a constant value of 1 in block <DI>.
    WARNING:Xst:2404 -  FFs/Latches <bench<2><3:7>> (without init value) have a constant value of 0 in block <DI>.
    WARNING:Xst:2404 -  FFs/Latches <bench<3><1:8>> (without init value) have a constant value of 0 in block <DI>.
    WARNING:Xst:2404 -  FFs/Latches <bench<4><7:0>> (without init value) have a constant value of 0 in block <DI>.
    WARNING:Xst:2404 -  FFs/Latches <bench<5><7:0>> (without init value) have a constant value of 0 in block <DI>.
    WARNING:Xst:2404 -  FFs/Latches <bench<6><7:0>> (without init value) have a constant value of 0 in block <DI>.
    WARNING:Xst:2404 -  FFs/Latches <bench<7><7:0>> (without init value) have a constant value of 0 in block <DI>.
    WARNING:Xst:2404 -  FFs/Latches <bench<8><7:0>> (without init value) have a constant value of 0 in block <DI>.
    WARNING:Xst:2404 -  FFs/Latches <bench<9><7:0>> (without init value) have a constant value of 0 in block <DI>.
    WARNING:Xst:2404 -  FFs/Latches <bench<10><7:0>> (without init value) have a constant value of 0 in block <DI>.
    WARNING:Xst:2404 -  FFs/Latches <bench<11><7:0>> (without init value) have a constant value of 0 in block <DI>.
    WARNING:Xst:2404 -  FFs/Latches <bench<12><7:0>> (without init value) have a constant value of 0 in block <DI>.
    WARNING:Xst:2404 -  FFs/Latches <bench<13><7:0>> (without init value) have a constant value of 0 in block <DI>.
    WARNING:Xst:2404 -  FFs/Latches <bench<14><7:0>> (without init value) have a constant value of 0 in block <DI>.
    WARNING:Xst:2404 -  FFs/Latches <bench<15><7:0>> (without init value) have a constant value of 0 in block <DI>.
    WARNING:Xst:2404 -  FFs/Latches <bench<0><1:1>> (without init value) have a constant value of 1 in block <DI>.
    WARNING:Xst:2404 -  FFs/Latches <bench<0><1:7>> (without init value) have a constant value of 0 in block <DI>.
    Summary:
	inferred  16 Latch(s).
	inferred   2 Comparator(s).
	inferred  16 Multiplexer(s).
Unit <DI> synthesized.

=========================================================================
HDL Synthesis Report

Macro Statistics
# Latches                                              : 16
 1-bit latch                                           : 16
# Comparators                                          : 2
 4-bit comparator equal                                : 2
# Multiplexers                                         : 16
 1-bit 2-to-1 multiplexer                              : 16

=========================================================================

=========================================================================
*                       Advanced HDL Synthesis                          *
=========================================================================


=========================================================================
Advanced HDL Synthesis Report

Macro Statistics
# Comparators                                          : 2
 4-bit comparator equal                                : 2
# Multiplexers                                         : 16
 1-bit 2-to-1 multiplexer                              : 16

=========================================================================

=========================================================================
*                         Low Level Synthesis                           *
=========================================================================

Optimizing unit <DI> ...

Mapping all equations...
Building and optimizing final netlist ...
Found area constraint ratio of 100 (+ 5) on block DI, actual ratio is 0.

Final Macro Processing ...

=========================================================================
Final Register Report

Found no macro
=========================================================================

=========================================================================
*                           Partition Report                            *
=========================================================================

Partition Implementation Status
-------------------------------

  No Partitions were found in this design.

-------------------------------

=========================================================================
*                            Design Summary                             *
=========================================================================

Top Level Output File Name         : DI.ngc

Primitive and Black Box Usage:
------------------------------
# BELS                             : 24
#      LUT3                        : 2
#      LUT4                        : 14
#      LUT5                        : 2
#      LUT6                        : 6
# FlipFlops/Latches                : 16
#      LD                          : 16
# IO Buffers                       : 38
#      IBUF                        : 22
#      OBUF                        : 16

Device utilization summary:
---------------------------

Selected Device : 6slx16csg324-3 


Slice Logic Utilization: 
 Number of Slice LUTs:                   24  out of   9112     0%  
    Number used as Logic:                24  out of   9112     0%  

Slice Logic Distribution: 
 Number of LUT Flip Flop pairs used:     24
   Number with an unused Flip Flop:      24  out of     24   100%  
   Number with an unused LUT:             0  out of     24     0%  
   Number of fully used LUT-FF pairs:     0  out of     24     0%  
   Number of unique control sets:         2

IO Utilization: 
 Number of IOs:                          39
 Number of bonded IOBs:                  38  out of    232    16%  
    IOB Flip Flops/Latches:              16

Specific Feature Utilization:

---------------------------
Partition Resource Summary:
---------------------------

  No Partitions were found in this design.

---------------------------


=========================================================================
Timing Report

NOTE: THESE TIMING NUMBERS ARE ONLY A SYNTHESIS ESTIMATE.
      FOR ACCURATE TIMING INFORMATION PLEASE REFER TO THE TRACE REPORT
      GENERATED AFTER PLACE-and-ROUTE.

Clock Information:
------------------
-----------------------------------------+------------------------+-------+
Clock Signal                             | Clock buffer(FF name)  | Load  |
-----------------------------------------+------------------------+-------+
W_addrw[3]_OR_17_o(W_addrw[3]_OR_17_o1:O)| NONE(*)(Sigoutb_7)     | 8     |
W_addrw[3]_OR_8_o(W_addrw[3]_OR_8_o1:O)  | NONE(*)(Sigouta_7)     | 8     |
-----------------------------------------+------------------------+-------+
(*) These 2 clock signal(s) are generated by combinatorial logic,
and XST is not able to identify which are the primary clock signals.
Please use the CLOCK_SIGNAL constraint to specify the clock signal(s) generated by combinatorial logic.
INFO:Xst:2169 - HDL ADVISOR - Some clock signals were not automatically buffered by XST with BUFG/BUFR resources. Please use the buffer_type constraint in order to insert these buffers to the clock signals to help prevent skew problems.

Asynchronous Control Signals Information:
----------------------------------------
No asynchronous control signals found in this design

Timing Summary:
---------------
Speed Grade: -3

   Minimum period: No path found
   Minimum input arrival time before clock: 5.847ns
   Maximum output required time after clock: 3.648ns
   Maximum combinational path delay: No path found

Timing Details:
---------------
All values displayed in nanoseconds (ns)

=========================================================================
Timing constraint: Default OFFSET IN BEFORE for Clock 'W_addrw[3]_OR_17_o'
  Total number of paths / destination ports: 100 / 8
-------------------------------------------------------------------------
Offset:              5.847ns (Levels of Logic = 5)
  Source:            addrb<0> (PAD)
  Destination:       Sigoutb_7 (LATCH)
  Destination Clock: W_addrw[3]_OR_17_o falling

  Data Path: addrb<0> to Sigoutb_7
                                Gate     Net
    Cell:in->out      fanout   Delay   Delay  Logical Name (Net Name)
    ----------------------------------------  ------------
     IBUF:I->O             4   1.222   0.931  addrb_0_IBUF (addrb_0_IBUF)
     LUT4:I0->O            1   0.203   0.924  n00214_SW0 (N4)
     LUT5:I0->O            8   0.203   0.907  n00214 (n0021)
     LUT3:I1->O            3   0.203   1.015  Mmux_Sigoutb[7]_DATA[5]_MUX_45_o111 (Mmux_Sigoutb[7]_DATA[5]_MUX_45_o11)
     LUT6:I0->O            1   0.203   0.000  Mmux_Sigoutb[7]_DATA[5]_MUX_45_o11 (Sigoutb[7]_DATA[5]_MUX_45_o)
     LD:D                      0.037          Sigoutb_5
    ----------------------------------------
    Total                      5.847ns (2.071ns logic, 3.776ns route)
                                       (35.4% logic, 64.6% route)

=========================================================================
Timing constraint: Default OFFSET IN BEFORE for Clock 'W_addrw[3]_OR_8_o'
  Total number of paths / destination ports: 100 / 8
-------------------------------------------------------------------------
Offset:              5.847ns (Levels of Logic = 5)
  Source:            addra<0> (PAD)
  Destination:       Sigouta_7 (LATCH)
  Destination Clock: W_addrw[3]_OR_8_o falling

  Data Path: addra<0> to Sigouta_7
                                Gate     Net
    Cell:in->out      fanout   Delay   Delay  Logical Name (Net Name)
    ----------------------------------------  ------------
     IBUF:I->O             4   1.222   0.931  addra_0_IBUF (addra_0_IBUF)
     LUT4:I0->O            1   0.203   0.924  addrw[3]_addra[3]_equal_66_o4_SW0 (N2)
     LUT5:I0->O            8   0.203   0.907  addrw[3]_addra[3]_equal_66_o4 (addrw[3]_addra[3]_equal_66_o)
     LUT3:I1->O            3   0.203   1.015  Mmux_Sigouta[7]_DATA[5]_MUX_29_o111 (Mmux_Sigouta[7]_DATA[5]_MUX_29_o11)
     LUT6:I0->O            1   0.203   0.000  Mmux_Sigouta[7]_DATA[5]_MUX_29_o11 (Sigouta[7]_DATA[5]_MUX_29_o)
     LD:D                      0.037          Sigouta_5
    ----------------------------------------
    Total                      5.847ns (2.071ns logic, 3.776ns route)
                                       (35.4% logic, 64.6% route)

=========================================================================
Timing constraint: Default OFFSET OUT AFTER for Clock 'W_addrw[3]_OR_8_o'
  Total number of paths / destination ports: 8 / 8
-------------------------------------------------------------------------
Offset:              3.648ns (Levels of Logic = 1)
  Source:            Sigouta_7 (LATCH)
  Destination:       QA<7> (PAD)
  Source Clock:      W_addrw[3]_OR_8_o falling

  Data Path: Sigouta_7 to QA<7>
                                Gate     Net
    Cell:in->out      fanout   Delay   Delay  Logical Name (Net Name)
    ----------------------------------------  ------------
     LD:G->Q               1   0.498   0.579  Sigouta_7 (Sigouta_7)
     OBUF:I->O                 2.571          QA_7_OBUF (QA<7>)
    ----------------------------------------
    Total                      3.648ns (3.069ns logic, 0.579ns route)
                                       (84.1% logic, 15.9% route)

=========================================================================
Timing constraint: Default OFFSET OUT AFTER for Clock 'W_addrw[3]_OR_17_o'
  Total number of paths / destination ports: 8 / 8
-------------------------------------------------------------------------
Offset:              3.648ns (Levels of Logic = 1)
  Source:            Sigoutb_7 (LATCH)
  Destination:       QB<7> (PAD)
  Source Clock:      W_addrw[3]_OR_17_o falling

  Data Path: Sigoutb_7 to QB<7>
                                Gate     Net
    Cell:in->out      fanout   Delay   Delay  Logical Name (Net Name)
    ----------------------------------------  ------------
     LD:G->Q               1   0.498   0.579  Sigoutb_7 (Sigoutb_7)
     OBUF:I->O                 2.571          QB_7_OBUF (QB<7>)
    ----------------------------------------
    Total                      3.648ns (3.069ns logic, 0.579ns route)
                                       (84.1% logic, 15.9% route)

=========================================================================

Cross Clock Domains Report:
--------------------------

=========================================================================


Total REAL time to Xst completion: 6.00 secs
Total CPU time to Xst completion: 6.23 secs
 
--> 

Total memory usage is 256524 kilobytes

Number of errors   :    0 (   0 filtered)
Number of warnings :   35 (   0 filtered)
Number of infos    :    2 (   0 filtered)

