--------------------------------------------------------------------------------
Release 13.4 Trace  (lin)
Copyright (c) 1995-2011 Xilinx, Inc.  All rights reserved.

/usr/local/Xilinx134/13.4/ISE_DS/ISE/bin/lin/unwrapped/trce -intstyle ise -v 3
-s 3 -n 3 -fastpaths -xml EX_ALU.twx EX_ALU.ncd -o EX_ALU.twr EX_ALU.pcf

Design file:              EX_ALU.ncd
Physical constraint file: EX_ALU.pcf
Device,package,speed:     xc6slx16,csg324,C,-3 (PRODUCTION 1.21 2012-01-07)
Report level:             verbose report

Environment Variable      Effect 
--------------------      ------ 
NONE                      No environment variables were set
--------------------------------------------------------------------------------

INFO:Timing:2698 - No timing constraints found, doing default enumeration.
INFO:Timing:3412 - To improve timing, see the Timing Closure User Guide (UG612).
INFO:Timing:2752 - To get complete path coverage, use the unconstrained paths 
   option. All paths that are not constrained will be reported in the 
   unconstrained paths section(s) of the report.
INFO:Timing:3339 - The clock-to-out numbers in this timing report are based on 
   a 50 Ohm transmission line loading model.  For the details of this model, 
   and for more information on accounting for different loading conditions, 
   please see the device datasheet.



Data Sheet report:
-----------------
All values displayed in nanoseconds (ns)

Clock A<0> to Pad
------------+-----------------+------------+-----------------+------------+-------------------------------+--------+
            |Max (slowest) clk|  Process   |Min (fastest) clk|  Process   |                               | Clock  |
Destination |  (edge) to PAD  |   Corner   |  (edge) to PAD  |   Corner   |Internal Clock(s)              | Phase  |
------------+-----------------+------------+-----------------+------------+-------------------------------+--------+
S<0>        |         8.576(F)|      SLOW  |         4.360(F)|      FAST  |Ctrl_Alu[2]_Ctrl_Alu[2]_OR_33_o|   0.000|
S<1>        |         8.576(F)|      SLOW  |         4.360(F)|      FAST  |Ctrl_Alu[2]_Ctrl_Alu[2]_OR_33_o|   0.000|
S<2>        |         8.493(F)|      SLOW  |         4.297(F)|      FAST  |Ctrl_Alu[2]_Ctrl_Alu[2]_OR_33_o|   0.000|
S<3>        |         8.493(F)|      SLOW  |         4.297(F)|      FAST  |Ctrl_Alu[2]_Ctrl_Alu[2]_OR_33_o|   0.000|
S<4>        |         8.422(F)|      SLOW  |         4.226(F)|      FAST  |Ctrl_Alu[2]_Ctrl_Alu[2]_OR_33_o|   0.000|
S<5>        |         8.422(F)|      SLOW  |         4.226(F)|      FAST  |Ctrl_Alu[2]_Ctrl_Alu[2]_OR_33_o|   0.000|
S<6>        |         8.415(F)|      SLOW  |         4.290(F)|      FAST  |Ctrl_Alu[2]_Ctrl_Alu[2]_OR_33_o|   0.000|
S<7>        |         8.415(F)|      SLOW  |         4.290(F)|      FAST  |Ctrl_Alu[2]_Ctrl_Alu[2]_OR_33_o|   0.000|
------------+-----------------+------------+-----------------+------------+-------------------------------+--------+

Clock A<1> to Pad
------------+-----------------+------------+-----------------+------------+-------------------------------+--------+
            |Max (slowest) clk|  Process   |Min (fastest) clk|  Process   |                               | Clock  |
Destination |  (edge) to PAD  |   Corner   |  (edge) to PAD  |   Corner   |Internal Clock(s)              | Phase  |
------------+-----------------+------------+-----------------+------------+-------------------------------+--------+
S<0>        |         8.342(F)|      SLOW  |         4.421(F)|      FAST  |Ctrl_Alu[2]_Ctrl_Alu[2]_OR_33_o|   0.000|
S<1>        |         8.342(F)|      SLOW  |         4.421(F)|      FAST  |Ctrl_Alu[2]_Ctrl_Alu[2]_OR_33_o|   0.000|
S<2>        |         8.259(F)|      SLOW  |         4.358(F)|      FAST  |Ctrl_Alu[2]_Ctrl_Alu[2]_OR_33_o|   0.000|
S<3>        |         8.259(F)|      SLOW  |         4.358(F)|      FAST  |Ctrl_Alu[2]_Ctrl_Alu[2]_OR_33_o|   0.000|
S<4>        |         8.188(F)|      SLOW  |         4.287(F)|      FAST  |Ctrl_Alu[2]_Ctrl_Alu[2]_OR_33_o|   0.000|
S<5>        |         8.188(F)|      SLOW  |         4.287(F)|      FAST  |Ctrl_Alu[2]_Ctrl_Alu[2]_OR_33_o|   0.000|
S<6>        |         8.181(F)|      SLOW  |         4.351(F)|      FAST  |Ctrl_Alu[2]_Ctrl_Alu[2]_OR_33_o|   0.000|
S<7>        |         8.181(F)|      SLOW  |         4.351(F)|      FAST  |Ctrl_Alu[2]_Ctrl_Alu[2]_OR_33_o|   0.000|
------------+-----------------+------------+-----------------+------------+-------------------------------+--------+

Clock A<2> to Pad
------------+-----------------+------------+-----------------+------------+-------------------------------+--------+
            |Max (slowest) clk|  Process   |Min (fastest) clk|  Process   |                               | Clock  |
Destination |  (edge) to PAD  |   Corner   |  (edge) to PAD  |   Corner   |Internal Clock(s)              | Phase  |
------------+-----------------+------------+-----------------+------------+-------------------------------+--------+
S<0>        |         8.567(F)|      SLOW  |         4.547(F)|      FAST  |Ctrl_Alu[2]_Ctrl_Alu[2]_OR_33_o|   0.000|
S<1>        |         8.567(F)|      SLOW  |         4.547(F)|      FAST  |Ctrl_Alu[2]_Ctrl_Alu[2]_OR_33_o|   0.000|
S<2>        |         8.484(F)|      SLOW  |         4.484(F)|      FAST  |Ctrl_Alu[2]_Ctrl_Alu[2]_OR_33_o|   0.000|
S<3>        |         8.484(F)|      SLOW  |         4.484(F)|      FAST  |Ctrl_Alu[2]_Ctrl_Alu[2]_OR_33_o|   0.000|
S<4>        |         8.413(F)|      SLOW  |         4.413(F)|      FAST  |Ctrl_Alu[2]_Ctrl_Alu[2]_OR_33_o|   0.000|
S<5>        |         8.413(F)|      SLOW  |         4.413(F)|      FAST  |Ctrl_Alu[2]_Ctrl_Alu[2]_OR_33_o|   0.000|
S<6>        |         8.406(F)|      SLOW  |         4.477(F)|      FAST  |Ctrl_Alu[2]_Ctrl_Alu[2]_OR_33_o|   0.000|
S<7>        |         8.406(F)|      SLOW  |         4.477(F)|      FAST  |Ctrl_Alu[2]_Ctrl_Alu[2]_OR_33_o|   0.000|
------------+-----------------+------------+-----------------+------------+-------------------------------+--------+

Clock A<3> to Pad
------------+-----------------+------------+-----------------+------------+-------------------------------+--------+
            |Max (slowest) clk|  Process   |Min (fastest) clk|  Process   |                               | Clock  |
Destination |  (edge) to PAD  |   Corner   |  (edge) to PAD  |   Corner   |Internal Clock(s)              | Phase  |
------------+-----------------+------------+-----------------+------------+-------------------------------+--------+
S<0>        |         8.757(F)|      SLOW  |         4.557(F)|      FAST  |Ctrl_Alu[2]_Ctrl_Alu[2]_OR_33_o|   0.000|
S<1>        |         8.757(F)|      SLOW  |         4.557(F)|      FAST  |Ctrl_Alu[2]_Ctrl_Alu[2]_OR_33_o|   0.000|
S<2>        |         8.674(F)|      SLOW  |         4.494(F)|      FAST  |Ctrl_Alu[2]_Ctrl_Alu[2]_OR_33_o|   0.000|
S<3>        |         8.674(F)|      SLOW  |         4.494(F)|      FAST  |Ctrl_Alu[2]_Ctrl_Alu[2]_OR_33_o|   0.000|
S<4>        |         8.603(F)|      SLOW  |         4.423(F)|      FAST  |Ctrl_Alu[2]_Ctrl_Alu[2]_OR_33_o|   0.000|
S<5>        |         8.603(F)|      SLOW  |         4.423(F)|      FAST  |Ctrl_Alu[2]_Ctrl_Alu[2]_OR_33_o|   0.000|
S<6>        |         8.596(F)|      SLOW  |         4.487(F)|      FAST  |Ctrl_Alu[2]_Ctrl_Alu[2]_OR_33_o|   0.000|
S<7>        |         8.596(F)|      SLOW  |         4.487(F)|      FAST  |Ctrl_Alu[2]_Ctrl_Alu[2]_OR_33_o|   0.000|
------------+-----------------+------------+-----------------+------------+-------------------------------+--------+

Clock A<4> to Pad
------------+-----------------+------------+-----------------+------------+-------------------------------+--------+
            |Max (slowest) clk|  Process   |Min (fastest) clk|  Process   |                               | Clock  |
Destination |  (edge) to PAD  |   Corner   |  (edge) to PAD  |   Corner   |Internal Clock(s)              | Phase  |
------------+-----------------+------------+-----------------+------------+-------------------------------+--------+
S<0>        |         8.899(F)|      SLOW  |         4.700(F)|      FAST  |Ctrl_Alu[2]_Ctrl_Alu[2]_OR_33_o|   0.000|
S<1>        |         8.899(F)|      SLOW  |         4.700(F)|      FAST  |Ctrl_Alu[2]_Ctrl_Alu[2]_OR_33_o|   0.000|
S<2>        |         8.816(F)|      SLOW  |         4.637(F)|      FAST  |Ctrl_Alu[2]_Ctrl_Alu[2]_OR_33_o|   0.000|
S<3>        |         8.816(F)|      SLOW  |         4.637(F)|      FAST  |Ctrl_Alu[2]_Ctrl_Alu[2]_OR_33_o|   0.000|
S<4>        |         8.745(F)|      SLOW  |         4.566(F)|      FAST  |Ctrl_Alu[2]_Ctrl_Alu[2]_OR_33_o|   0.000|
S<5>        |         8.745(F)|      SLOW  |         4.566(F)|      FAST  |Ctrl_Alu[2]_Ctrl_Alu[2]_OR_33_o|   0.000|
S<6>        |         8.738(F)|      SLOW  |         4.630(F)|      FAST  |Ctrl_Alu[2]_Ctrl_Alu[2]_OR_33_o|   0.000|
S<7>        |         8.738(F)|      SLOW  |         4.630(F)|      FAST  |Ctrl_Alu[2]_Ctrl_Alu[2]_OR_33_o|   0.000|
------------+-----------------+------------+-----------------+------------+-------------------------------+--------+

Clock A<5> to Pad
------------+-----------------+------------+-----------------+------------+-------------------------------+--------+
            |Max (slowest) clk|  Process   |Min (fastest) clk|  Process   |                               | Clock  |
Destination |  (edge) to PAD  |   Corner   |  (edge) to PAD  |   Corner   |Internal Clock(s)              | Phase  |
------------+-----------------+------------+-----------------+------------+-------------------------------+--------+
S<0>        |         7.795(F)|      SLOW  |         4.091(F)|      FAST  |Ctrl_Alu[2]_Ctrl_Alu[2]_OR_33_o|   0.000|
S<1>        |         7.795(F)|      SLOW  |         4.091(F)|      FAST  |Ctrl_Alu[2]_Ctrl_Alu[2]_OR_33_o|   0.000|
S<2>        |         7.712(F)|      SLOW  |         4.028(F)|      FAST  |Ctrl_Alu[2]_Ctrl_Alu[2]_OR_33_o|   0.000|
S<3>        |         7.712(F)|      SLOW  |         4.028(F)|      FAST  |Ctrl_Alu[2]_Ctrl_Alu[2]_OR_33_o|   0.000|
S<4>        |         7.641(F)|      SLOW  |         3.957(F)|      FAST  |Ctrl_Alu[2]_Ctrl_Alu[2]_OR_33_o|   0.000|
S<5>        |         7.641(F)|      SLOW  |         3.957(F)|      FAST  |Ctrl_Alu[2]_Ctrl_Alu[2]_OR_33_o|   0.000|
S<6>        |         7.634(F)|      SLOW  |         4.021(F)|      FAST  |Ctrl_Alu[2]_Ctrl_Alu[2]_OR_33_o|   0.000|
S<7>        |         7.634(F)|      SLOW  |         4.021(F)|      FAST  |Ctrl_Alu[2]_Ctrl_Alu[2]_OR_33_o|   0.000|
------------+-----------------+------------+-----------------+------------+-------------------------------+--------+

Clock A<6> to Pad
------------+-----------------+------------+-----------------+------------+-------------------------------+--------+
            |Max (slowest) clk|  Process   |Min (fastest) clk|  Process   |                               | Clock  |
Destination |  (edge) to PAD  |   Corner   |  (edge) to PAD  |   Corner   |Internal Clock(s)              | Phase  |
------------+-----------------+------------+-----------------+------------+-------------------------------+--------+
S<0>        |         7.821(F)|      SLOW  |         4.408(F)|      FAST  |Ctrl_Alu[2]_Ctrl_Alu[2]_OR_33_o|   0.000|
S<1>        |         7.821(F)|      SLOW  |         4.408(F)|      FAST  |Ctrl_Alu[2]_Ctrl_Alu[2]_OR_33_o|   0.000|
S<2>        |         7.738(F)|      SLOW  |         4.345(F)|      FAST  |Ctrl_Alu[2]_Ctrl_Alu[2]_OR_33_o|   0.000|
S<3>        |         7.738(F)|      SLOW  |         4.345(F)|      FAST  |Ctrl_Alu[2]_Ctrl_Alu[2]_OR_33_o|   0.000|
S<4>        |         7.667(F)|      SLOW  |         4.274(F)|      FAST  |Ctrl_Alu[2]_Ctrl_Alu[2]_OR_33_o|   0.000|
S<5>        |         7.667(F)|      SLOW  |         4.274(F)|      FAST  |Ctrl_Alu[2]_Ctrl_Alu[2]_OR_33_o|   0.000|
S<6>        |         7.660(F)|      SLOW  |         4.338(F)|      FAST  |Ctrl_Alu[2]_Ctrl_Alu[2]_OR_33_o|   0.000|
S<7>        |         7.660(F)|      SLOW  |         4.338(F)|      FAST  |Ctrl_Alu[2]_Ctrl_Alu[2]_OR_33_o|   0.000|
------------+-----------------+------------+-----------------+------------+-------------------------------+--------+

Clock A<7> to Pad
------------+-----------------+------------+-----------------+------------+-------------------------------+--------+
            |Max (slowest) clk|  Process   |Min (fastest) clk|  Process   |                               | Clock  |
Destination |  (edge) to PAD  |   Corner   |  (edge) to PAD  |   Corner   |Internal Clock(s)              | Phase  |
------------+-----------------+------------+-----------------+------------+-------------------------------+--------+
S<0>        |         7.779(F)|      SLOW  |         4.291(F)|      FAST  |Ctrl_Alu[2]_Ctrl_Alu[2]_OR_33_o|   0.000|
S<1>        |         7.779(F)|      SLOW  |         4.291(F)|      FAST  |Ctrl_Alu[2]_Ctrl_Alu[2]_OR_33_o|   0.000|
S<2>        |         7.696(F)|      SLOW  |         4.228(F)|      FAST  |Ctrl_Alu[2]_Ctrl_Alu[2]_OR_33_o|   0.000|
S<3>        |         7.696(F)|      SLOW  |         4.228(F)|      FAST  |Ctrl_Alu[2]_Ctrl_Alu[2]_OR_33_o|   0.000|
S<4>        |         7.625(F)|      SLOW  |         4.157(F)|      FAST  |Ctrl_Alu[2]_Ctrl_Alu[2]_OR_33_o|   0.000|
S<5>        |         7.625(F)|      SLOW  |         4.157(F)|      FAST  |Ctrl_Alu[2]_Ctrl_Alu[2]_OR_33_o|   0.000|
S<6>        |         7.618(F)|      SLOW  |         4.221(F)|      FAST  |Ctrl_Alu[2]_Ctrl_Alu[2]_OR_33_o|   0.000|
S<7>        |         7.618(F)|      SLOW  |         4.221(F)|      FAST  |Ctrl_Alu[2]_Ctrl_Alu[2]_OR_33_o|   0.000|
------------+-----------------+------------+-----------------+------------+-------------------------------+--------+

Clock B<0> to Pad
------------+-----------------+------------+-----------------+------------+-------------------------------+--------+
            |Max (slowest) clk|  Process   |Min (fastest) clk|  Process   |                               | Clock  |
Destination |  (edge) to PAD  |   Corner   |  (edge) to PAD  |   Corner   |Internal Clock(s)              | Phase  |
------------+-----------------+------------+-----------------+------------+-------------------------------+--------+
S<0>        |         8.638(F)|      SLOW  |         4.770(F)|      FAST  |Ctrl_Alu[2]_Ctrl_Alu[2]_OR_33_o|   0.000|
S<1>        |         8.638(F)|      SLOW  |         4.770(F)|      FAST  |Ctrl_Alu[2]_Ctrl_Alu[2]_OR_33_o|   0.000|
S<2>        |         8.555(F)|      SLOW  |         4.707(F)|      FAST  |Ctrl_Alu[2]_Ctrl_Alu[2]_OR_33_o|   0.000|
S<3>        |         8.555(F)|      SLOW  |         4.707(F)|      FAST  |Ctrl_Alu[2]_Ctrl_Alu[2]_OR_33_o|   0.000|
S<4>        |         8.484(F)|      SLOW  |         4.636(F)|      FAST  |Ctrl_Alu[2]_Ctrl_Alu[2]_OR_33_o|   0.000|
S<5>        |         8.484(F)|      SLOW  |         4.636(F)|      FAST  |Ctrl_Alu[2]_Ctrl_Alu[2]_OR_33_o|   0.000|
S<6>        |         8.477(F)|      SLOW  |         4.700(F)|      FAST  |Ctrl_Alu[2]_Ctrl_Alu[2]_OR_33_o|   0.000|
S<7>        |         8.477(F)|      SLOW  |         4.700(F)|      FAST  |Ctrl_Alu[2]_Ctrl_Alu[2]_OR_33_o|   0.000|
------------+-----------------+------------+-----------------+------------+-------------------------------+--------+

Clock B<1> to Pad
------------+-----------------+------------+-----------------+------------+-------------------------------+--------+
            |Max (slowest) clk|  Process   |Min (fastest) clk|  Process   |                               | Clock  |
Destination |  (edge) to PAD  |   Corner   |  (edge) to PAD  |   Corner   |Internal Clock(s)              | Phase  |
------------+-----------------+------------+-----------------+------------+-------------------------------+--------+
S<0>        |         8.631(F)|      SLOW  |         4.699(F)|      FAST  |Ctrl_Alu[2]_Ctrl_Alu[2]_OR_33_o|   0.000|
S<1>        |         8.631(F)|      SLOW  |         4.699(F)|      FAST  |Ctrl_Alu[2]_Ctrl_Alu[2]_OR_33_o|   0.000|
S<2>        |         8.548(F)|      SLOW  |         4.636(F)|      FAST  |Ctrl_Alu[2]_Ctrl_Alu[2]_OR_33_o|   0.000|
S<3>        |         8.548(F)|      SLOW  |         4.636(F)|      FAST  |Ctrl_Alu[2]_Ctrl_Alu[2]_OR_33_o|   0.000|
S<4>        |         8.477(F)|      SLOW  |         4.565(F)|      FAST  |Ctrl_Alu[2]_Ctrl_Alu[2]_OR_33_o|   0.000|
S<5>        |         8.477(F)|      SLOW  |         4.565(F)|      FAST  |Ctrl_Alu[2]_Ctrl_Alu[2]_OR_33_o|   0.000|
S<6>        |         8.470(F)|      SLOW  |         4.629(F)|      FAST  |Ctrl_Alu[2]_Ctrl_Alu[2]_OR_33_o|   0.000|
S<7>        |         8.470(F)|      SLOW  |         4.629(F)|      FAST  |Ctrl_Alu[2]_Ctrl_Alu[2]_OR_33_o|   0.000|
------------+-----------------+------------+-----------------+------------+-------------------------------+--------+

Clock B<2> to Pad
------------+-----------------+------------+-----------------+------------+-------------------------------+--------+
            |Max (slowest) clk|  Process   |Min (fastest) clk|  Process   |                               | Clock  |
Destination |  (edge) to PAD  |   Corner   |  (edge) to PAD  |   Corner   |Internal Clock(s)              | Phase  |
------------+-----------------+------------+-----------------+------------+-------------------------------+--------+
S<0>        |         8.783(F)|      SLOW  |         4.901(F)|      FAST  |Ctrl_Alu[2]_Ctrl_Alu[2]_OR_33_o|   0.000|
S<1>        |         8.783(F)|      SLOW  |         4.901(F)|      FAST  |Ctrl_Alu[2]_Ctrl_Alu[2]_OR_33_o|   0.000|
S<2>        |         8.700(F)|      SLOW  |         4.838(F)|      FAST  |Ctrl_Alu[2]_Ctrl_Alu[2]_OR_33_o|   0.000|
S<3>        |         8.700(F)|      SLOW  |         4.838(F)|      FAST  |Ctrl_Alu[2]_Ctrl_Alu[2]_OR_33_o|   0.000|
S<4>        |         8.629(F)|      SLOW  |         4.767(F)|      FAST  |Ctrl_Alu[2]_Ctrl_Alu[2]_OR_33_o|   0.000|
S<5>        |         8.629(F)|      SLOW  |         4.767(F)|      FAST  |Ctrl_Alu[2]_Ctrl_Alu[2]_OR_33_o|   0.000|
S<6>        |         8.622(F)|      SLOW  |         4.831(F)|      FAST  |Ctrl_Alu[2]_Ctrl_Alu[2]_OR_33_o|   0.000|
S<7>        |         8.622(F)|      SLOW  |         4.831(F)|      FAST  |Ctrl_Alu[2]_Ctrl_Alu[2]_OR_33_o|   0.000|
------------+-----------------+------------+-----------------+------------+-------------------------------+--------+

Clock B<3> to Pad
------------+-----------------+------------+-----------------+------------+-------------------------------+--------+
            |Max (slowest) clk|  Process   |Min (fastest) clk|  Process   |                               | Clock  |
Destination |  (edge) to PAD  |   Corner   |  (edge) to PAD  |   Corner   |Internal Clock(s)              | Phase  |
------------+-----------------+------------+-----------------+------------+-------------------------------+--------+
S<0>        |         8.894(F)|      SLOW  |         4.721(F)|      FAST  |Ctrl_Alu[2]_Ctrl_Alu[2]_OR_33_o|   0.000|
S<1>        |         8.894(F)|      SLOW  |         4.721(F)|      FAST  |Ctrl_Alu[2]_Ctrl_Alu[2]_OR_33_o|   0.000|
S<2>        |         8.811(F)|      SLOW  |         4.658(F)|      FAST  |Ctrl_Alu[2]_Ctrl_Alu[2]_OR_33_o|   0.000|
S<3>        |         8.811(F)|      SLOW  |         4.658(F)|      FAST  |Ctrl_Alu[2]_Ctrl_Alu[2]_OR_33_o|   0.000|
S<4>        |         8.740(F)|      SLOW  |         4.587(F)|      FAST  |Ctrl_Alu[2]_Ctrl_Alu[2]_OR_33_o|   0.000|
S<5>        |         8.740(F)|      SLOW  |         4.587(F)|      FAST  |Ctrl_Alu[2]_Ctrl_Alu[2]_OR_33_o|   0.000|
S<6>        |         8.733(F)|      SLOW  |         4.651(F)|      FAST  |Ctrl_Alu[2]_Ctrl_Alu[2]_OR_33_o|   0.000|
S<7>        |         8.733(F)|      SLOW  |         4.651(F)|      FAST  |Ctrl_Alu[2]_Ctrl_Alu[2]_OR_33_o|   0.000|
------------+-----------------+------------+-----------------+------------+-------------------------------+--------+

Clock B<4> to Pad
------------+-----------------+------------+-----------------+------------+-------------------------------+--------+
            |Max (slowest) clk|  Process   |Min (fastest) clk|  Process   |                               | Clock  |
Destination |  (edge) to PAD  |   Corner   |  (edge) to PAD  |   Corner   |Internal Clock(s)              | Phase  |
------------+-----------------+------------+-----------------+------------+-------------------------------+--------+
S<0>        |         8.912(F)|      SLOW  |         4.655(F)|      FAST  |Ctrl_Alu[2]_Ctrl_Alu[2]_OR_33_o|   0.000|
S<1>        |         8.912(F)|      SLOW  |         4.655(F)|      FAST  |Ctrl_Alu[2]_Ctrl_Alu[2]_OR_33_o|   0.000|
S<2>        |         8.829(F)|      SLOW  |         4.592(F)|      FAST  |Ctrl_Alu[2]_Ctrl_Alu[2]_OR_33_o|   0.000|
S<3>        |         8.829(F)|      SLOW  |         4.592(F)|      FAST  |Ctrl_Alu[2]_Ctrl_Alu[2]_OR_33_o|   0.000|
S<4>        |         8.758(F)|      SLOW  |         4.521(F)|      FAST  |Ctrl_Alu[2]_Ctrl_Alu[2]_OR_33_o|   0.000|
S<5>        |         8.758(F)|      SLOW  |         4.521(F)|      FAST  |Ctrl_Alu[2]_Ctrl_Alu[2]_OR_33_o|   0.000|
S<6>        |         8.751(F)|      SLOW  |         4.585(F)|      FAST  |Ctrl_Alu[2]_Ctrl_Alu[2]_OR_33_o|   0.000|
S<7>        |         8.751(F)|      SLOW  |         4.585(F)|      FAST  |Ctrl_Alu[2]_Ctrl_Alu[2]_OR_33_o|   0.000|
------------+-----------------+------------+-----------------+------------+-------------------------------+--------+

Clock B<5> to Pad
------------+-----------------+------------+-----------------+------------+-------------------------------+--------+
            |Max (slowest) clk|  Process   |Min (fastest) clk|  Process   |                               | Clock  |
Destination |  (edge) to PAD  |   Corner   |  (edge) to PAD  |   Corner   |Internal Clock(s)              | Phase  |
------------+-----------------+------------+-----------------+------------+-------------------------------+--------+
S<0>        |         8.118(F)|      SLOW  |         4.128(F)|      FAST  |Ctrl_Alu[2]_Ctrl_Alu[2]_OR_33_o|   0.000|
S<1>        |         8.118(F)|      SLOW  |         4.128(F)|      FAST  |Ctrl_Alu[2]_Ctrl_Alu[2]_OR_33_o|   0.000|
S<2>        |         8.035(F)|      SLOW  |         4.065(F)|      FAST  |Ctrl_Alu[2]_Ctrl_Alu[2]_OR_33_o|   0.000|
S<3>        |         8.035(F)|      SLOW  |         4.065(F)|      FAST  |Ctrl_Alu[2]_Ctrl_Alu[2]_OR_33_o|   0.000|
S<4>        |         7.964(F)|      SLOW  |         3.994(F)|      FAST  |Ctrl_Alu[2]_Ctrl_Alu[2]_OR_33_o|   0.000|
S<5>        |         7.964(F)|      SLOW  |         3.994(F)|      FAST  |Ctrl_Alu[2]_Ctrl_Alu[2]_OR_33_o|   0.000|
S<6>        |         7.957(F)|      SLOW  |         4.058(F)|      FAST  |Ctrl_Alu[2]_Ctrl_Alu[2]_OR_33_o|   0.000|
S<7>        |         7.957(F)|      SLOW  |         4.058(F)|      FAST  |Ctrl_Alu[2]_Ctrl_Alu[2]_OR_33_o|   0.000|
------------+-----------------+------------+-----------------+------------+-------------------------------+--------+

Clock B<6> to Pad
------------+-----------------+------------+-----------------+------------+-------------------------------+--------+
            |Max (slowest) clk|  Process   |Min (fastest) clk|  Process   |                               | Clock  |
Destination |  (edge) to PAD  |   Corner   |  (edge) to PAD  |   Corner   |Internal Clock(s)              | Phase  |
------------+-----------------+------------+-----------------+------------+-------------------------------+--------+
S<0>        |         8.114(F)|      SLOW  |         4.489(F)|      FAST  |Ctrl_Alu[2]_Ctrl_Alu[2]_OR_33_o|   0.000|
S<1>        |         8.114(F)|      SLOW  |         4.489(F)|      FAST  |Ctrl_Alu[2]_Ctrl_Alu[2]_OR_33_o|   0.000|
S<2>        |         8.031(F)|      SLOW  |         4.426(F)|      FAST  |Ctrl_Alu[2]_Ctrl_Alu[2]_OR_33_o|   0.000|
S<3>        |         8.031(F)|      SLOW  |         4.426(F)|      FAST  |Ctrl_Alu[2]_Ctrl_Alu[2]_OR_33_o|   0.000|
S<4>        |         7.960(F)|      SLOW  |         4.355(F)|      FAST  |Ctrl_Alu[2]_Ctrl_Alu[2]_OR_33_o|   0.000|
S<5>        |         7.960(F)|      SLOW  |         4.355(F)|      FAST  |Ctrl_Alu[2]_Ctrl_Alu[2]_OR_33_o|   0.000|
S<6>        |         7.953(F)|      SLOW  |         4.419(F)|      FAST  |Ctrl_Alu[2]_Ctrl_Alu[2]_OR_33_o|   0.000|
S<7>        |         7.953(F)|      SLOW  |         4.419(F)|      FAST  |Ctrl_Alu[2]_Ctrl_Alu[2]_OR_33_o|   0.000|
------------+-----------------+------------+-----------------+------------+-------------------------------+--------+

Clock B<7> to Pad
------------+-----------------+------------+-----------------+------------+-------------------------------+--------+
            |Max (slowest) clk|  Process   |Min (fastest) clk|  Process   |                               | Clock  |
Destination |  (edge) to PAD  |   Corner   |  (edge) to PAD  |   Corner   |Internal Clock(s)              | Phase  |
------------+-----------------+------------+-----------------+------------+-------------------------------+--------+
S<0>        |         8.035(F)|      SLOW  |         4.478(F)|      FAST  |Ctrl_Alu[2]_Ctrl_Alu[2]_OR_33_o|   0.000|
S<1>        |         8.035(F)|      SLOW  |         4.478(F)|      FAST  |Ctrl_Alu[2]_Ctrl_Alu[2]_OR_33_o|   0.000|
S<2>        |         7.952(F)|      SLOW  |         4.415(F)|      FAST  |Ctrl_Alu[2]_Ctrl_Alu[2]_OR_33_o|   0.000|
S<3>        |         7.952(F)|      SLOW  |         4.415(F)|      FAST  |Ctrl_Alu[2]_Ctrl_Alu[2]_OR_33_o|   0.000|
S<4>        |         7.881(F)|      SLOW  |         4.344(F)|      FAST  |Ctrl_Alu[2]_Ctrl_Alu[2]_OR_33_o|   0.000|
S<5>        |         7.881(F)|      SLOW  |         4.344(F)|      FAST  |Ctrl_Alu[2]_Ctrl_Alu[2]_OR_33_o|   0.000|
S<6>        |         7.874(F)|      SLOW  |         4.408(F)|      FAST  |Ctrl_Alu[2]_Ctrl_Alu[2]_OR_33_o|   0.000|
S<7>        |         7.874(F)|      SLOW  |         4.408(F)|      FAST  |Ctrl_Alu[2]_Ctrl_Alu[2]_OR_33_o|   0.000|
------------+-----------------+------------+-----------------+------------+-------------------------------+--------+

Clock Ctrl_Alu<0> to Pad
------------+-----------------+------------+-----------------+------------+-------------------------------+--------+
            |Max (slowest) clk|  Process   |Min (fastest) clk|  Process   |                               | Clock  |
Destination |  (edge) to PAD  |   Corner   |  (edge) to PAD  |   Corner   |Internal Clock(s)              | Phase  |
------------+-----------------+------------+-----------------+------------+-------------------------------+--------+
NOZC<0>     |        11.304(F)|      SLOW  |         5.737(F)|      FAST  |Ctrl_Alu[2]_Ctrl_Alu[2]_OR_16_o|   0.000|
NOZC<2>     |        11.087(F)|      SLOW  |         5.805(F)|      FAST  |Ctrl_Alu[2]_Ctrl_Alu[2]_OR_16_o|   0.000|
NOZC<3>     |        11.152(F)|      SLOW  |         5.871(F)|      FAST  |Ctrl_Alu[2]_Ctrl_Alu[2]_OR_16_o|   0.000|
S<0>        |         8.037(F)|      SLOW  |         4.666(F)|      FAST  |Ctrl_Alu[2]_Ctrl_Alu[2]_OR_33_o|   0.000|
S<1>        |         8.037(F)|      SLOW  |         4.666(F)|      FAST  |Ctrl_Alu[2]_Ctrl_Alu[2]_OR_33_o|   0.000|
S<2>        |         7.954(F)|      SLOW  |         4.603(F)|      FAST  |Ctrl_Alu[2]_Ctrl_Alu[2]_OR_33_o|   0.000|
S<3>        |         7.954(F)|      SLOW  |         4.603(F)|      FAST  |Ctrl_Alu[2]_Ctrl_Alu[2]_OR_33_o|   0.000|
S<4>        |         7.883(F)|      SLOW  |         4.532(F)|      FAST  |Ctrl_Alu[2]_Ctrl_Alu[2]_OR_33_o|   0.000|
S<5>        |         7.883(F)|      SLOW  |         4.532(F)|      FAST  |Ctrl_Alu[2]_Ctrl_Alu[2]_OR_33_o|   0.000|
S<6>        |         7.876(F)|      SLOW  |         4.596(F)|      FAST  |Ctrl_Alu[2]_Ctrl_Alu[2]_OR_33_o|   0.000|
S<7>        |         7.876(F)|      SLOW  |         4.596(F)|      FAST  |Ctrl_Alu[2]_Ctrl_Alu[2]_OR_33_o|   0.000|
------------+-----------------+------------+-----------------+------------+-------------------------------+--------+

Clock Ctrl_Alu<1> to Pad
------------+-----------------+------------+-----------------+------------+-------------------------------+--------+
            |Max (slowest) clk|  Process   |Min (fastest) clk|  Process   |                               | Clock  |
Destination |  (edge) to PAD  |   Corner   |  (edge) to PAD  |   Corner   |Internal Clock(s)              | Phase  |
------------+-----------------+------------+-----------------+------------+-------------------------------+--------+
NOZC<0>     |        11.422(F)|      SLOW  |         5.818(F)|      FAST  |Ctrl_Alu[2]_Ctrl_Alu[2]_OR_16_o|   0.000|
NOZC<2>     |        11.205(F)|      SLOW  |         5.886(F)|      FAST  |Ctrl_Alu[2]_Ctrl_Alu[2]_OR_16_o|   0.000|
NOZC<3>     |        11.270(F)|      SLOW  |         5.952(F)|      FAST  |Ctrl_Alu[2]_Ctrl_Alu[2]_OR_16_o|   0.000|
S<0>        |         7.839(F)|      SLOW  |         4.565(F)|      FAST  |Ctrl_Alu[2]_Ctrl_Alu[2]_OR_33_o|   0.000|
S<1>        |         7.839(F)|      SLOW  |         4.565(F)|      FAST  |Ctrl_Alu[2]_Ctrl_Alu[2]_OR_33_o|   0.000|
S<2>        |         7.756(F)|      SLOW  |         4.502(F)|      FAST  |Ctrl_Alu[2]_Ctrl_Alu[2]_OR_33_o|   0.000|
S<3>        |         7.756(F)|      SLOW  |         4.502(F)|      FAST  |Ctrl_Alu[2]_Ctrl_Alu[2]_OR_33_o|   0.000|
S<4>        |         7.685(F)|      SLOW  |         4.431(F)|      FAST  |Ctrl_Alu[2]_Ctrl_Alu[2]_OR_33_o|   0.000|
S<5>        |         7.685(F)|      SLOW  |         4.431(F)|      FAST  |Ctrl_Alu[2]_Ctrl_Alu[2]_OR_33_o|   0.000|
S<6>        |         7.678(F)|      SLOW  |         4.495(F)|      FAST  |Ctrl_Alu[2]_Ctrl_Alu[2]_OR_33_o|   0.000|
S<7>        |         7.678(F)|      SLOW  |         4.495(F)|      FAST  |Ctrl_Alu[2]_Ctrl_Alu[2]_OR_33_o|   0.000|
------------+-----------------+------------+-----------------+------------+-------------------------------+--------+

Clock Ctrl_Alu<2> to Pad
------------+-----------------+------------+-----------------+------------+-------------------------------+--------+
            |Max (slowest) clk|  Process   |Min (fastest) clk|  Process   |                               | Clock  |
Destination |  (edge) to PAD  |   Corner   |  (edge) to PAD  |   Corner   |Internal Clock(s)              | Phase  |
------------+-----------------+------------+-----------------+------------+-------------------------------+--------+
NOZC<0>     |        11.633(F)|      SLOW  |         5.915(F)|      FAST  |Ctrl_Alu[2]_Ctrl_Alu[2]_OR_16_o|   0.000|
NOZC<2>     |        11.416(F)|      SLOW  |         5.983(F)|      FAST  |Ctrl_Alu[2]_Ctrl_Alu[2]_OR_16_o|   0.000|
NOZC<3>     |        11.481(F)|      SLOW  |         6.049(F)|      FAST  |Ctrl_Alu[2]_Ctrl_Alu[2]_OR_16_o|   0.000|
S<0>        |         8.086(F)|      SLOW  |         4.700(F)|      FAST  |Ctrl_Alu[2]_Ctrl_Alu[2]_OR_33_o|   0.000|
S<1>        |         8.086(F)|      SLOW  |         4.700(F)|      FAST  |Ctrl_Alu[2]_Ctrl_Alu[2]_OR_33_o|   0.000|
S<2>        |         8.003(F)|      SLOW  |         4.637(F)|      FAST  |Ctrl_Alu[2]_Ctrl_Alu[2]_OR_33_o|   0.000|
S<3>        |         8.003(F)|      SLOW  |         4.637(F)|      FAST  |Ctrl_Alu[2]_Ctrl_Alu[2]_OR_33_o|   0.000|
S<4>        |         7.932(F)|      SLOW  |         4.566(F)|      FAST  |Ctrl_Alu[2]_Ctrl_Alu[2]_OR_33_o|   0.000|
S<5>        |         7.932(F)|      SLOW  |         4.566(F)|      FAST  |Ctrl_Alu[2]_Ctrl_Alu[2]_OR_33_o|   0.000|
S<6>        |         7.925(F)|      SLOW  |         4.630(F)|      FAST  |Ctrl_Alu[2]_Ctrl_Alu[2]_OR_33_o|   0.000|
S<7>        |         7.925(F)|      SLOW  |         4.630(F)|      FAST  |Ctrl_Alu[2]_Ctrl_Alu[2]_OR_33_o|   0.000|
------------+-----------------+------------+-----------------+------------+-------------------------------+--------+

Clock to Setup on destination clock A<0>
---------------+---------+---------+---------+---------+
               | Src:Rise| Src:Fall| Src:Rise| Src:Fall|
Source Clock   |Dest:Rise|Dest:Rise|Dest:Fall|Dest:Fall|
---------------+---------+---------+---------+---------+
A<0>           |         |         |    0.866|    0.866|
A<1>           |         |         |    0.719|    0.719|
A<2>           |         |         |    0.708|    0.708|
A<3>           |         |         |    0.513|    0.513|
A<4>           |         |         |    0.388|    0.388|
A<5>           |         |         |    0.766|    0.766|
A<6>           |         |         |    0.546|    0.546|
A<7>           |         |         |    0.650|    0.650|
B<0>           |         |         |    1.045|    1.045|
B<1>           |         |         |    0.944|    0.944|
B<2>           |         |         |    1.094|    1.094|
B<3>           |         |         |    0.767|    0.767|
B<4>           |         |         |    0.989|    0.989|
B<5>           |         |         |    0.865|    0.865|
B<6>           |         |         |    1.307|    1.307|
B<7>           |         |         |    0.742|    0.742|
Ctrl_Alu<0>    |         |         |    0.858|    2.644|
Ctrl_Alu<1>    |         |         |    0.877|    2.644|
Ctrl_Alu<2>    |         |         |    0.793|    2.644|
---------------+---------+---------+---------+---------+

Clock to Setup on destination clock A<1>
---------------+---------+---------+---------+---------+
               | Src:Rise| Src:Fall| Src:Rise| Src:Fall|
Source Clock   |Dest:Rise|Dest:Rise|Dest:Fall|Dest:Fall|
---------------+---------+---------+---------+---------+
A<0>           |         |         |    0.819|    0.819|
A<1>           |         |         |    0.658|    0.658|
A<2>           |         |         |    0.685|    0.685|
A<3>           |         |         |    0.490|    0.490|
A<4>           |         |         |    0.347|    0.347|
A<5>           |         |         |    0.743|    0.743|
A<6>           |         |         |    0.523|    0.523|
A<7>           |         |         |    0.627|    0.627|
B<0>           |         |         |    1.022|    1.022|
B<1>           |         |         |    0.921|    0.921|
B<2>           |         |         |    1.071|    1.071|
B<3>           |         |         |    0.744|    0.744|
B<4>           |         |         |    0.966|    0.966|
B<5>           |         |         |    0.842|    0.842|
B<6>           |         |         |    1.284|    1.284|
B<7>           |         |         |    0.719|    0.719|
Ctrl_Alu<0>    |         |         |    0.797|    2.644|
Ctrl_Alu<1>    |         |         |    0.816|    2.644|
Ctrl_Alu<2>    |         |         |    0.732|    2.644|
---------------+---------+---------+---------+---------+

Clock to Setup on destination clock A<2>
---------------+---------+---------+---------+---------+
               | Src:Rise| Src:Fall| Src:Rise| Src:Fall|
Source Clock   |Dest:Rise|Dest:Rise|Dest:Fall|Dest:Fall|
---------------+---------+---------+---------+---------+
A<0>           |         |         |    0.679|    0.679|
A<1>           |         |         |    0.532|    0.532|
A<2>           |         |         |    0.468|    0.468|
A<3>           |         |         |    0.321|    0.321|
A<4>           |         |         |    0.201|    0.201|
A<5>           |         |         |    0.526|    0.526|
A<6>           |         |         |    0.347|    0.347|
A<7>           |         |         |    0.410|    0.410|
B<0>           |         |         |    0.805|    0.805|
B<1>           |         |         |    0.704|    0.704|
B<2>           |         |         |    0.854|    0.854|
B<3>           |         |         |    0.527|    0.527|
B<4>           |         |         |    0.749|    0.749|
B<5>           |         |         |    0.625|    0.625|
B<6>           |         |         |    1.067|    1.067|
B<7>           |         |         |    0.513|    0.513|
Ctrl_Alu<0>    |         |         |    0.671|    2.644|
Ctrl_Alu<1>    |         |         |    0.690|    2.644|
Ctrl_Alu<2>    |         |         |    0.606|    2.644|
---------------+---------+---------+---------+---------+

Clock to Setup on destination clock A<3>
---------------+---------+---------+---------+---------+
               | Src:Rise| Src:Fall| Src:Rise| Src:Fall|
Source Clock   |Dest:Rise|Dest:Rise|Dest:Fall|Dest:Fall|
---------------+---------+---------+---------+---------+
A<0>           |         |         |    0.669|    0.669|
A<1>           |         |         |    0.522|    0.522|
A<2>           |         |         |    0.396|    0.396|
A<3>           |         |         |    0.311|    0.311|
A<4>           |         |         |    0.191|    0.191|
A<5>           |         |         |    0.475|    0.475|
A<6>           |         |         |    0.337|    0.337|
A<7>           |         |         |    0.374|    0.374|
B<0>           |         |         |    0.725|    0.725|
B<1>           |         |         |    0.677|    0.677|
B<2>           |         |         |    0.759|    0.759|
B<3>           |         |         |    0.483|    0.483|
B<4>           |         |         |    0.654|    0.654|
B<5>           |         |         |    0.530|    0.530|
B<6>           |         |         |    0.972|    0.972|
B<7>           |         |         |    0.503|    0.503|
Ctrl_Alu<0>    |         |         |    0.661|    2.644|
Ctrl_Alu<1>    |         |         |    0.680|    2.644|
Ctrl_Alu<2>    |         |         |    0.596|    2.644|
---------------+---------+---------+---------+---------+

Clock to Setup on destination clock A<4>
---------------+---------+---------+---------+---------+
               | Src:Rise| Src:Fall| Src:Rise| Src:Fall|
Source Clock   |Dest:Rise|Dest:Rise|Dest:Fall|Dest:Fall|
---------------+---------+---------+---------+---------+
A<0>           |         |         |    0.526|    0.526|
A<1>           |         |         |    0.379|    0.379|
A<2>           |         |         |    0.253|    0.253|
A<3>           |         |         |    0.168|    0.168|
A<4>           |         |         |    0.048|    0.048|
A<5>           |         |         |    0.332|    0.332|
A<6>           |         |         |    0.194|    0.194|
A<7>           |         |         |    0.231|    0.231|
B<0>           |         |         |    0.583|    0.583|
B<1>           |         |         |    0.534|    0.534|
B<2>           |         |         |    0.632|    0.632|
B<3>           |         |         |    0.340|    0.340|
B<4>           |         |         |    0.527|    0.527|
B<5>           |         |         |    0.403|    0.403|
B<6>           |         |         |    0.845|    0.845|
B<7>           |         |         |    0.360|    0.360|
Ctrl_Alu<0>    |         |         |    0.518|    2.644|
Ctrl_Alu<1>    |         |         |    0.537|    2.644|
Ctrl_Alu<2>    |         |         |    0.453|    2.644|
---------------+---------+---------+---------+---------+

Clock to Setup on destination clock A<5>
---------------+---------+---------+---------+---------+
               | Src:Rise| Src:Fall| Src:Rise| Src:Fall|
Source Clock   |Dest:Rise|Dest:Rise|Dest:Fall|Dest:Fall|
---------------+---------+---------+---------+---------+
A<0>           |         |         |    1.347|    1.347|
A<1>           |         |         |    1.166|    1.166|
A<2>           |         |         |    1.213|    1.213|
A<3>           |         |         |    1.018|    1.018|
A<4>           |         |         |    0.875|    0.875|
A<5>           |         |         |    1.271|    1.271|
A<6>           |         |         |    1.051|    1.051|
A<7>           |         |         |    1.155|    1.155|
B<0>           |         |         |    1.550|    1.550|
B<1>           |         |         |    1.449|    1.449|
B<2>           |         |         |    1.599|    1.599|
B<3>           |         |         |    1.272|    1.272|
B<4>           |         |         |    1.494|    1.494|
B<5>           |         |         |    1.370|    1.370|
B<6>           |         |         |    1.812|    1.812|
B<7>           |         |         |    1.247|    1.247|
Ctrl_Alu<0>    |         |         |    1.149|    2.644|
Ctrl_Alu<1>    |         |         |    1.173|    2.644|
Ctrl_Alu<2>    |         |         |    1.234|    2.644|
---------------+---------+---------+---------+---------+

Clock to Setup on destination clock A<6>
---------------+---------+---------+---------+---------+
               | Src:Rise| Src:Fall| Src:Rise| Src:Fall|
Source Clock   |Dest:Rise|Dest:Rise|Dest:Fall|Dest:Fall|
---------------+---------+---------+---------+---------+
A<0>           |         |         |    1.016|    1.016|
A<1>           |         |         |    0.835|    0.835|
A<2>           |         |         |    0.882|    0.882|
A<3>           |         |         |    0.687|    0.687|
A<4>           |         |         |    0.544|    0.544|
A<5>           |         |         |    0.940|    0.940|
A<6>           |         |         |    0.720|    0.720|
A<7>           |         |         |    0.824|    0.824|
B<0>           |         |         |    1.219|    1.219|
B<1>           |         |         |    1.118|    1.118|
B<2>           |         |         |    1.268|    1.268|
B<3>           |         |         |    0.941|    0.941|
B<4>           |         |         |    1.163|    1.163|
B<5>           |         |         |    1.039|    1.039|
B<6>           |         |         |    1.481|    1.481|
B<7>           |         |         |    0.916|    0.916|
Ctrl_Alu<0>    |         |         |    0.818|    2.644|
Ctrl_Alu<1>    |         |         |    0.842|    2.644|
Ctrl_Alu<2>    |         |         |    0.903|    2.644|
---------------+---------+---------+---------+---------+

Clock to Setup on destination clock A<7>
---------------+---------+---------+---------+---------+
               | Src:Rise| Src:Fall| Src:Rise| Src:Fall|
Source Clock   |Dest:Rise|Dest:Rise|Dest:Fall|Dest:Fall|
---------------+---------+---------+---------+---------+
A<0>           |         |         |    1.150|    1.150|
A<1>           |         |         |    0.969|    0.969|
A<2>           |         |         |    1.016|    1.016|
A<3>           |         |         |    0.821|    0.821|
A<4>           |         |         |    0.678|    0.678|
A<5>           |         |         |    1.074|    1.074|
A<6>           |         |         |    0.854|    0.854|
A<7>           |         |         |    0.958|    0.958|
B<0>           |         |         |    1.353|    1.353|
B<1>           |         |         |    1.252|    1.252|
B<2>           |         |         |    1.402|    1.402|
B<3>           |         |         |    1.075|    1.075|
B<4>           |         |         |    1.297|    1.297|
B<5>           |         |         |    1.173|    1.173|
B<6>           |         |         |    1.615|    1.615|
B<7>           |         |         |    1.050|    1.050|
Ctrl_Alu<0>    |         |         |    0.952|    2.644|
Ctrl_Alu<1>    |         |         |    0.976|    2.644|
Ctrl_Alu<2>    |         |         |    1.037|    2.644|
---------------+---------+---------+---------+---------+

Clock to Setup on destination clock B<0>
---------------+---------+---------+---------+---------+
               | Src:Rise| Src:Fall| Src:Rise| Src:Fall|
Source Clock   |Dest:Rise|Dest:Rise|Dest:Fall|Dest:Fall|
---------------+---------+---------+---------+---------+
A<0>           |         |         |    0.456|    0.456|
A<1>           |         |         |    0.309|    0.309|
A<2>           |         |         |    0.183|    0.183|
A<3>           |         |         |    0.098|    0.098|
A<4>           |         |         |   -0.022|   -0.022|
A<5>           |         |         |    0.262|    0.262|
A<6>           |         |         |    0.124|    0.124|
A<7>           |         |         |    0.161|    0.161|
B<0>           |         |         |    0.512|    0.512|
B<1>           |         |         |    0.464|    0.464|
B<2>           |         |         |    0.495|    0.495|
B<3>           |         |         |    0.270|    0.270|
B<4>           |         |         |    0.390|    0.390|
B<5>           |         |         |    0.317|    0.317|
B<6>           |         |         |    0.708|    0.708|
B<7>           |         |         |    0.290|    0.290|
Ctrl_Alu<0>    |         |         |    0.448|    2.644|
Ctrl_Alu<1>    |         |         |    0.467|    2.644|
Ctrl_Alu<2>    |         |         |    0.383|    2.644|
---------------+---------+---------+---------+---------+

Clock to Setup on destination clock B<1>
---------------+---------+---------+---------+---------+
               | Src:Rise| Src:Fall| Src:Rise| Src:Fall|
Source Clock   |Dest:Rise|Dest:Rise|Dest:Fall|Dest:Fall|
---------------+---------+---------+---------+---------+
A<0>           |         |         |    0.527|    0.527|
A<1>           |         |         |    0.380|    0.380|
A<2>           |         |         |    0.254|    0.254|
A<3>           |         |         |    0.169|    0.169|
A<4>           |         |         |    0.049|    0.049|
A<5>           |         |         |    0.333|    0.333|
A<6>           |         |         |    0.195|    0.195|
A<7>           |         |         |    0.232|    0.232|
B<0>           |         |         |    0.583|    0.583|
B<1>           |         |         |    0.535|    0.535|
B<2>           |         |         |    0.524|    0.524|
B<3>           |         |         |    0.341|    0.341|
B<4>           |         |         |    0.459|    0.459|
B<5>           |         |         |    0.388|    0.388|
B<6>           |         |         |    0.759|    0.759|
B<7>           |         |         |    0.361|    0.361|
Ctrl_Alu<0>    |         |         |    0.519|    2.644|
Ctrl_Alu<1>    |         |         |    0.538|    2.644|
Ctrl_Alu<2>    |         |         |    0.454|    2.644|
---------------+---------+---------+---------+---------+

Clock to Setup on destination clock B<2>
---------------+---------+---------+---------+---------+
               | Src:Rise| Src:Fall| Src:Rise| Src:Fall|
Source Clock   |Dest:Rise|Dest:Rise|Dest:Fall|Dest:Fall|
---------------+---------+---------+---------+---------+
A<0>           |         |         |    0.325|    0.325|
A<1>           |         |         |    0.178|    0.178|
A<2>           |         |         |    0.052|    0.052|
A<3>           |         |         |   -0.033|   -0.033|
A<4>           |         |         |   -0.153|   -0.153|
A<5>           |         |         |    0.131|    0.131|
A<6>           |         |         |   -0.007|   -0.007|
A<7>           |         |         |    0.030|    0.030|
B<0>           |         |         |    0.381|    0.381|
B<1>           |         |         |    0.333|    0.333|
B<2>           |         |         |    0.326|    0.326|
B<3>           |         |         |    0.139|    0.139|
B<4>           |         |         |    0.257|    0.257|
B<5>           |         |         |    0.186|    0.186|
B<6>           |         |         |    0.557|    0.557|
B<7>           |         |         |    0.159|    0.159|
Ctrl_Alu<0>    |         |         |    0.317|    2.644|
Ctrl_Alu<1>    |         |         |    0.336|    2.644|
Ctrl_Alu<2>    |         |         |    0.252|    2.644|
---------------+---------+---------+---------+---------+

Clock to Setup on destination clock B<3>
---------------+---------+---------+---------+---------+
               | Src:Rise| Src:Fall| Src:Rise| Src:Fall|
Source Clock   |Dest:Rise|Dest:Rise|Dest:Fall|Dest:Fall|
---------------+---------+---------+---------+---------+
A<0>           |         |         |    0.505|    0.505|
A<1>           |         |         |    0.358|    0.358|
A<2>           |         |         |    0.241|    0.241|
A<3>           |         |         |    0.147|    0.147|
A<4>           |         |         |    0.027|    0.027|
A<5>           |         |         |    0.311|    0.311|
A<6>           |         |         |    0.173|    0.173|
A<7>           |         |         |    0.210|    0.210|
B<0>           |         |         |    0.578|    0.578|
B<1>           |         |         |    0.513|    0.513|
B<2>           |         |         |    0.627|    0.627|
B<3>           |         |         |    0.319|    0.319|
B<4>           |         |         |    0.522|    0.522|
B<5>           |         |         |    0.398|    0.398|
B<6>           |         |         |    0.840|    0.840|
B<7>           |         |         |    0.339|    0.339|
Ctrl_Alu<0>    |         |         |    0.497|    2.644|
Ctrl_Alu<1>    |         |         |    0.516|    2.644|
Ctrl_Alu<2>    |         |         |    0.432|    2.644|
---------------+---------+---------+---------+---------+

Clock to Setup on destination clock B<4>
---------------+---------+---------+---------+---------+
               | Src:Rise| Src:Fall| Src:Rise| Src:Fall|
Source Clock   |Dest:Rise|Dest:Rise|Dest:Fall|Dest:Fall|
---------------+---------+---------+---------+---------+
A<0>           |         |         |    0.571|    0.571|
A<1>           |         |         |    0.424|    0.424|
A<2>           |         |         |    0.298|    0.298|
A<3>           |         |         |    0.213|    0.213|
A<4>           |         |         |    0.093|    0.093|
A<5>           |         |         |    0.377|    0.377|
A<6>           |         |         |    0.239|    0.239|
A<7>           |         |         |    0.276|    0.276|
B<0>           |         |         |    0.627|    0.627|
B<1>           |         |         |    0.579|    0.579|
B<2>           |         |         |    0.616|    0.616|
B<3>           |         |         |    0.385|    0.385|
B<4>           |         |         |    0.511|    0.511|
B<5>           |         |         |    0.432|    0.432|
B<6>           |         |         |    0.829|    0.829|
B<7>           |         |         |    0.405|    0.405|
Ctrl_Alu<0>    |         |         |    0.563|    2.644|
Ctrl_Alu<1>    |         |         |    0.582|    2.644|
Ctrl_Alu<2>    |         |         |    0.498|    2.644|
---------------+---------+---------+---------+---------+

Clock to Setup on destination clock B<5>
---------------+---------+---------+---------+---------+
               | Src:Rise| Src:Fall| Src:Rise| Src:Fall|
Source Clock   |Dest:Rise|Dest:Rise|Dest:Fall|Dest:Fall|
---------------+---------+---------+---------+---------+
A<0>           |         |         |    1.338|    1.338|
A<1>           |         |         |    1.157|    1.157|
A<2>           |         |         |    1.204|    1.204|
A<3>           |         |         |    1.009|    1.009|
A<4>           |         |         |    0.866|    0.866|
A<5>           |         |         |    1.262|    1.262|
A<6>           |         |         |    1.042|    1.042|
A<7>           |         |         |    1.146|    1.146|
B<0>           |         |         |    1.541|    1.541|
B<1>           |         |         |    1.440|    1.440|
B<2>           |         |         |    1.590|    1.590|
B<3>           |         |         |    1.263|    1.263|
B<4>           |         |         |    1.485|    1.485|
B<5>           |         |         |    1.361|    1.361|
B<6>           |         |         |    1.803|    1.803|
B<7>           |         |         |    1.238|    1.238|
Ctrl_Alu<0>    |         |         |    1.140|    2.644|
Ctrl_Alu<1>    |         |         |    1.164|    2.644|
Ctrl_Alu<2>    |         |         |    1.225|    2.644|
---------------+---------+---------+---------+---------+

Clock to Setup on destination clock B<6>
---------------+---------+---------+---------+---------+
               | Src:Rise| Src:Fall| Src:Rise| Src:Fall|
Source Clock   |Dest:Rise|Dest:Rise|Dest:Fall|Dest:Fall|
---------------+---------+---------+---------+---------+
A<0>           |         |         |    0.918|    0.918|
A<1>           |         |         |    0.737|    0.737|
A<2>           |         |         |    0.784|    0.784|
A<3>           |         |         |    0.589|    0.589|
A<4>           |         |         |    0.446|    0.446|
A<5>           |         |         |    0.842|    0.842|
A<6>           |         |         |    0.622|    0.622|
A<7>           |         |         |    0.726|    0.726|
B<0>           |         |         |    1.121|    1.121|
B<1>           |         |         |    1.020|    1.020|
B<2>           |         |         |    1.170|    1.170|
B<3>           |         |         |    0.843|    0.843|
B<4>           |         |         |    1.065|    1.065|
B<5>           |         |         |    0.941|    0.941|
B<6>           |         |         |    1.383|    1.383|
B<7>           |         |         |    0.818|    0.818|
Ctrl_Alu<0>    |         |         |    0.729|    2.644|
Ctrl_Alu<1>    |         |         |    0.748|    2.644|
Ctrl_Alu<2>    |         |         |    0.805|    2.644|
---------------+---------+---------+---------+---------+

Clock to Setup on destination clock B<7>
---------------+---------+---------+---------+---------+
               | Src:Rise| Src:Fall| Src:Rise| Src:Fall|
Source Clock   |Dest:Rise|Dest:Rise|Dest:Fall|Dest:Fall|
---------------+---------+---------+---------+---------+
A<0>           |         |         |    0.912|    0.912|
A<1>           |         |         |    0.731|    0.731|
A<2>           |         |         |    0.778|    0.778|
A<3>           |         |         |    0.583|    0.583|
A<4>           |         |         |    0.440|    0.440|
A<5>           |         |         |    0.836|    0.836|
A<6>           |         |         |    0.616|    0.616|
A<7>           |         |         |    0.720|    0.720|
B<0>           |         |         |    1.115|    1.115|
B<1>           |         |         |    1.014|    1.014|
B<2>           |         |         |    1.164|    1.164|
B<3>           |         |         |    0.837|    0.837|
B<4>           |         |         |    1.059|    1.059|
B<5>           |         |         |    0.935|    0.935|
B<6>           |         |         |    1.377|    1.377|
B<7>           |         |         |    0.812|    0.812|
Ctrl_Alu<0>    |         |         |    0.740|    2.644|
Ctrl_Alu<1>    |         |         |    0.759|    2.644|
Ctrl_Alu<2>    |         |         |    0.799|    2.644|
---------------+---------+---------+---------+---------+

Clock to Setup on destination clock Ctrl_Alu<0>
---------------+---------+---------+---------+---------+
               | Src:Rise| Src:Fall| Src:Rise| Src:Fall|
Source Clock   |Dest:Rise|Dest:Rise|Dest:Fall|Dest:Fall|
---------------+---------+---------+---------+---------+
A<0>           |         |         |    3.789|    3.789|
A<1>           |         |         |    3.588|    3.588|
A<2>           |         |         |    3.497|    3.497|
A<3>           |         |         |    3.959|    3.959|
A<4>           |         |         |    3.595|    3.595|
A<5>           |         |         |    3.549|    3.549|
A<6>           |         |         |    3.461|    3.461|
A<7>           |         |         |    3.408|    3.408|
B<0>           |         |         |    3.032|    3.032|
B<1>           |         |         |    3.012|    3.012|
B<2>           |         |         |    4.244|    4.244|
B<3>           |         |         |    3.297|    3.297|
B<4>           |         |         |    3.086|    3.086|
B<5>           |         |         |    3.067|    3.067|
B<6>           |         |         |    3.743|    3.743|
B<7>           |         |         |    3.459|    3.459|
Ctrl_Alu<0>    |         |         |    0.552|    2.644|
Ctrl_Alu<1>    |         |         |    0.571|    2.644|
Ctrl_Alu<2>    |         |         |    0.654|    2.644|
---------------+---------+---------+---------+---------+

Clock to Setup on destination clock Ctrl_Alu<1>
---------------+---------+---------+---------+---------+
               | Src:Rise| Src:Fall| Src:Rise| Src:Fall|
Source Clock   |Dest:Rise|Dest:Rise|Dest:Fall|Dest:Fall|
---------------+---------+---------+---------+---------+
A<0>           |         |         |    3.674|    3.674|
A<1>           |         |         |    3.473|    3.473|
A<2>           |         |         |    3.382|    3.382|
A<3>           |         |         |    3.844|    3.844|
A<4>           |         |         |    3.480|    3.480|
A<5>           |         |         |    3.434|    3.434|
A<6>           |         |         |    3.346|    3.346|
A<7>           |         |         |    3.293|    3.293|
B<0>           |         |         |    2.917|    2.917|
B<1>           |         |         |    2.897|    2.897|
B<2>           |         |         |    4.129|    4.129|
B<3>           |         |         |    3.182|    3.182|
B<4>           |         |         |    2.971|    2.971|
B<5>           |         |         |    2.952|    2.952|
B<6>           |         |         |    3.628|    3.628|
B<7>           |         |         |    3.344|    3.344|
Ctrl_Alu<0>    |         |         |    0.711|    2.644|
Ctrl_Alu<1>    |         |         |    0.735|    2.644|
Ctrl_Alu<2>    |         |         |    0.796|    2.644|
---------------+---------+---------+---------+---------+

Clock to Setup on destination clock Ctrl_Alu<2>
---------------+---------+---------+---------+---------+
               | Src:Rise| Src:Fall| Src:Rise| Src:Fall|
Source Clock   |Dest:Rise|Dest:Rise|Dest:Fall|Dest:Fall|
---------------+---------+---------+---------+---------+
A<0>           |         |         |    3.475|    3.475|
A<1>           |         |         |    3.274|    3.274|
A<2>           |         |         |    3.183|    3.183|
A<3>           |         |         |    3.645|    3.645|
A<4>           |         |         |    3.281|    3.281|
A<5>           |         |         |    3.235|    3.235|
A<6>           |         |         |    3.147|    3.147|
A<7>           |         |         |    3.094|    3.094|
B<0>           |         |         |    2.718|    2.718|
B<1>           |         |         |    2.698|    2.698|
B<2>           |         |         |    3.930|    3.930|
B<3>           |         |         |    2.983|    2.983|
B<4>           |         |         |    2.772|    2.772|
B<5>           |         |         |    2.753|    2.753|
B<6>           |         |         |    3.429|    3.429|
B<7>           |         |         |    3.145|    3.145|
Ctrl_Alu<0>    |         |         |    0.518|    2.644|
Ctrl_Alu<1>    |         |         |    0.537|    2.644|
Ctrl_Alu<2>    |         |         |    0.563|    2.644|
---------------+---------+---------+---------+---------+

Pad to Pad
---------------+---------------+---------+
Source Pad     |Destination Pad|  Delay  |
---------------+---------------+---------+
A<0>           |NOZC<0>        |    9.713|
A<0>           |NOZC<3>        |    9.950|
A<1>           |NOZC<0>        |    9.479|
A<1>           |NOZC<3>        |    9.716|
A<2>           |NOZC<0>        |    9.851|
A<2>           |NOZC<3>        |    9.882|
A<3>           |NOZC<0>        |   10.041|
A<3>           |NOZC<3>        |   10.072|
A<4>           |NOZC<0>        |   10.183|
A<4>           |NOZC<3>        |   10.214|
A<5>           |NOZC<0>        |    9.079|
A<5>           |NOZC<3>        |    9.110|
A<6>           |NOZC<0>        |    9.105|
A<6>           |NOZC<3>        |    9.136|
A<7>           |NOZC<0>        |    9.063|
A<7>           |NOZC<3>        |    9.094|
B<0>           |NOZC<0>        |    9.846|
B<0>           |NOZC<3>        |   10.012|
B<1>           |NOZC<0>        |    9.814|
B<1>           |NOZC<3>        |   10.005|
B<2>           |NOZC<0>        |   10.067|
B<2>           |NOZC<3>        |   10.110|
B<3>           |NOZC<0>        |   10.178|
B<3>           |NOZC<3>        |   10.209|
B<4>           |NOZC<0>        |   10.196|
B<4>           |NOZC<3>        |   10.227|
B<5>           |NOZC<0>        |    9.402|
B<5>           |NOZC<3>        |    9.433|
B<6>           |NOZC<0>        |    9.398|
B<6>           |NOZC<3>        |    9.429|
B<7>           |NOZC<0>        |    9.319|
B<7>           |NOZC<3>        |    9.350|
Ctrl_Alu<0>    |NOZC<0>        |    7.111|
Ctrl_Alu<0>    |NOZC<2>        |    7.648|
Ctrl_Alu<0>    |NOZC<3>        |    6.956|
Ctrl_Alu<1>    |NOZC<0>        |    7.174|
Ctrl_Alu<1>    |NOZC<2>        |    7.291|
Ctrl_Alu<1>    |NOZC<3>        |    6.878|
Ctrl_Alu<2>    |NOZC<0>        |    7.794|
Ctrl_Alu<2>    |NOZC<2>        |    7.655|
Ctrl_Alu<2>    |NOZC<3>        |    6.876|
---------------+---------------+---------+


Analysis completed Mon May 11 11:27:44 2015 
--------------------------------------------------------------------------------

Trace Settings:
-------------------------
Trace Settings 

Peak Memory Usage: 141 MB



