Release 13.4 - xst O.87xd (nt64)
Copyright (c) 1995-2011 Xilinx, Inc.  All rights reserved.
--> Parameter TMPDIR set to xst/projnav.tmp


Total REAL time to Xst completion: 0.00 secs
Total CPU time to Xst completion: 0.09 secs
 
--> Parameter xsthdpdir set to xst


Total REAL time to Xst completion: 0.00 secs
Total CPU time to Xst completion: 0.09 secs
 
--> Reading design: MEM.prj

TABLE OF CONTENTS
  1) Synthesis Options Summary
  2) HDL Parsing
  3) HDL Elaboration
  4) HDL Synthesis
       4.1) HDL Synthesis Report
  5) Advanced HDL Synthesis
       5.1) Advanced HDL Synthesis Report
  6) Low Level Synthesis
  7) Partition Report
  8) Design Summary
       8.1) Primitive and Black Box Usage
       8.2) Device utilization summary
       8.3) Partition Resource Summary
       8.4) Timing Report
            8.4.1) Clock Information
            8.4.2) Asynchronous Control Signals Information
            8.4.3) Timing Summary
            8.4.4) Timing Details
            8.4.5) Cross Clock Domains Report


=========================================================================
*                      Synthesis Options Summary                        *
=========================================================================
---- Source Parameters
Input File Name                    : "MEM.prj"
Ignore Synthesis Constraint File   : NO

---- Target Parameters
Output File Name                   : "MEM"
Output Format                      : NGC
Target Device                      : xc6slx16-3-csg324

---- Source Options
Top Module Name                    : MEM
Automatic FSM Extraction           : YES
FSM Encoding Algorithm             : Auto
Safe Implementation                : No
FSM Style                          : LUT
RAM Extraction                     : Yes
RAM Style                          : Auto
ROM Extraction                     : Yes
Shift Register Extraction          : YES
ROM Style                          : Auto
Resource Sharing                   : YES
Asynchronous To Synchronous        : NO
Shift Register Minimum Size        : 2
Use DSP Block                      : Auto
Automatic Register Balancing       : No

---- Target Options
LUT Combining                      : Auto
Reduce Control Sets                : Auto
Add IO Buffers                     : YES
Global Maximum Fanout              : 100000
Add Generic Clock Buffer(BUFG)     : 16
Register Duplication               : YES
Optimize Instantiated Primitives   : NO
Use Clock Enable                   : Auto
Use Synchronous Set                : Auto
Use Synchronous Reset              : Auto
Pack IO Registers into IOBs        : Auto
Equivalent register Removal        : YES

---- General Options
Optimization Goal                  : Speed
Optimization Effort                : 1
Power Reduction                    : NO
Keep Hierarchy                     : No
Netlist Hierarchy                  : As_Optimized
RTL Output                         : Yes
Global Optimization                : AllClockNets
Read Cores                         : YES
Write Timing Constraints           : NO
Cross Clock Analysis               : NO
Hierarchy Separator                : /
Bus Delimiter                      : <>
Case Specifier                     : Maintain
Slice Utilization Ratio            : 100
BRAM Utilization Ratio             : 100
DSP48 Utilization Ratio            : 100
Auto BRAM Packing                  : NO
Slice Utilization Ratio Delta      : 5

=========================================================================

INFO:Xst - Part-select index evaluated to out of bound value may lead to incorrect synthesis results; it is recommended not to use them in RTL

=========================================================================
*                          HDL Parsing                                  *
=========================================================================
Parsing VHDL file "C:\Users\Anthony\Documents\GitHub\CCompilator\VHDL\RISC_processor\MEM.vhd" into library work
Parsing entity <MEM>.
Parsing architecture <Behavioral> of entity <mem>.

=========================================================================
*                            HDL Elaboration                            *
=========================================================================

Elaborating entity <MEM> (architecture <Behavioral>) from library <work>.

=========================================================================
*                           HDL Synthesis                               *
=========================================================================

Synthesizing Unit <MEM>.
    Related source file is "c:/users/anthony/documents/github/ccompilator/vhdl/risc_processor/mem.vhd".
WARNING:Xst:647 - Input <addr<7:4>> is never used. This port will be preserved and left unconnected if it belongs to a top-level block or it belongs to a sub-block and the hierarchy of this sub-block is preserved.
    Found 8-bit register for signal <bench<1>>.
    Found 8-bit register for signal <bench<2>>.
    Found 8-bit register for signal <bench<3>>.
    Found 8-bit register for signal <bench<4>>.
    Found 8-bit register for signal <bench<5>>.
    Found 8-bit register for signal <bench<6>>.
    Found 8-bit register for signal <bench<7>>.
    Found 8-bit register for signal <bench<8>>.
    Found 8-bit register for signal <bench<9>>.
    Found 8-bit register for signal <bench<10>>.
    Found 8-bit register for signal <bench<11>>.
    Found 8-bit register for signal <bench<12>>.
    Found 8-bit register for signal <bench<13>>.
    Found 8-bit register for signal <bench<14>>.
    Found 8-bit register for signal <bench<15>>.
    Found 8-bit register for signal <outMEM>.
    Found 8-bit register for signal <bench<0>>.
    Found 8-bit 16-to-1 multiplexer for signal <addr[3]_bench[15][7]_wide_mux_0_OUT> created at line 60.
    Summary:
	inferred 136 D-type flip-flop(s).
	inferred   1 Multiplexer(s).
Unit <MEM> synthesized.

=========================================================================
HDL Synthesis Report

Macro Statistics
# Registers                                            : 17
 8-bit register                                        : 17
# Multiplexers                                         : 1
 8-bit 16-to-1 multiplexer                             : 1

=========================================================================

=========================================================================
*                       Advanced HDL Synthesis                          *
=========================================================================


=========================================================================
Advanced HDL Synthesis Report

Macro Statistics
# Registers                                            : 136
 Flip-Flops                                            : 136
# Multiplexers                                         : 1
 8-bit 16-to-1 multiplexer                             : 1

=========================================================================

=========================================================================
*                         Low Level Synthesis                           *
=========================================================================

Optimizing unit <MEM> ...

Mapping all equations...
Building and optimizing final netlist ...
Found area constraint ratio of 100 (+ 5) on block MEM, actual ratio is 2.

Final Macro Processing ...

=========================================================================
Final Register Report

Macro Statistics
# Registers                                            : 136
 Flip-Flops                                            : 136

=========================================================================

=========================================================================
*                           Partition Report                            *
=========================================================================

Partition Implementation Status
-------------------------------

  No Partitions were found in this design.

-------------------------------

=========================================================================
*                            Design Summary                             *
=========================================================================

Top Level Output File Name         : MEM.ngc

Primitive and Black Box Usage:
------------------------------
# BELS                             : 74
#      INV                         : 1
#      LUT2                        : 1
#      LUT5                        : 16
#      LUT6                        : 32
#      MUXF7                       : 16
#      MUXF8                       : 8
# FlipFlops/Latches                : 136
#      FDE                         : 8
#      FDRE                        : 128
# Clock Buffers                    : 1
#      BUFGP                       : 1
# IO Buffers                       : 22
#      IBUF                        : 14
#      OBUF                        : 8

Device utilization summary:
---------------------------

Selected Device : 6slx16csg324-3 


Slice Logic Utilization: 
 Number of Slice Registers:             136  out of  18224     0%  
 Number of Slice LUTs:                   50  out of   9112     0%  
    Number used as Logic:                50  out of   9112     0%  

Slice Logic Distribution: 
 Number of LUT Flip Flop pairs used:    145
   Number with an unused Flip Flop:       9  out of    145     6%  
   Number with an unused LUT:            95  out of    145    65%  
   Number of fully used LUT-FF pairs:    41  out of    145    28%  
   Number of unique control sets:        17

IO Utilization: 
 Number of IOs:                          27
 Number of bonded IOBs:                  23  out of    232     9%  

Specific Feature Utilization:
 Number of BUFG/BUFGCTRLs:                1  out of     16     6%  

---------------------------
Partition Resource Summary:
---------------------------

  No Partitions were found in this design.

---------------------------


=========================================================================
Timing Report

NOTE: THESE TIMING NUMBERS ARE ONLY A SYNTHESIS ESTIMATE.
      FOR ACCURATE TIMING INFORMATION PLEASE REFER TO THE TRACE REPORT
      GENERATED AFTER PLACE-and-ROUTE.

Clock Information:
------------------
-----------------------------------+------------------------+-------+
Clock Signal                       | Clock buffer(FF name)  | Load  |
-----------------------------------+------------------------+-------+
CLK                                | BUFGP                  | 136   |
-----------------------------------+------------------------+-------+

Asynchronous Control Signals Information:
----------------------------------------
No asynchronous control signals found in this design

Timing Summary:
---------------
Speed Grade: -3

   Minimum period: 1.871ns (Maximum Frequency: 534.516MHz)
   Minimum input arrival time before clock: 4.424ns
   Maximum output required time after clock: 3.597ns
   Maximum combinational path delay: No path found

Timing Details:
---------------
All values displayed in nanoseconds (ns)

=========================================================================
Timing constraint: Default period analysis for Clock 'CLK'
  Clock period: 1.871ns (frequency: 534.516MHz)
  Total number of paths / destination ports: 128 / 8
-------------------------------------------------------------------------
Delay:               1.871ns (Levels of Logic = 3)
  Source:            bench_14_0 (FF)
  Destination:       Sigout_0 (FF)
  Source Clock:      CLK rising
  Destination Clock: CLK rising

  Data Path: bench_14_0 to Sigout_0
                                Gate     Net
    Cell:in->out      fanout   Delay   Delay  Logical Name (Net Name)
    ----------------------------------------  ------------
     FDRE:C->Q             1   0.447   0.827  bench_14_0 (bench_14_0)
     LUT6:I2->O            1   0.203   0.000  Mmux_addr[3]_bench[15][7]_wide_mux_0_OUT_4 (Mmux_addr[3]_bench[15][7]_wide_mux_0_OUT_4)
     MUXF7:I1->O           1   0.140   0.000  Mmux_addr[3]_bench[15][7]_wide_mux_0_OUT_3_f7 (Mmux_addr[3]_bench[15][7]_wide_mux_0_OUT_3_f7)
     MUXF8:I1->O           1   0.152   0.000  Mmux_addr[3]_bench[15][7]_wide_mux_0_OUT_2_f8 (addr[3]_bench[15][7]_wide_mux_0_OUT<0>)
     FDE:D                     0.102          Sigout_0
    ----------------------------------------
    Total                      1.871ns (1.044ns logic, 0.827ns route)
                                       (55.8% logic, 44.2% route)

=========================================================================
Timing constraint: Default OFFSET IN BEFORE for Clock 'CLK'
  Total number of paths / destination ports: 1000 / 400
-------------------------------------------------------------------------
Offset:              4.424ns (Levels of Logic = 2)
  Source:            RST (PAD)
  Destination:       bench_3_0 (FF)
  Destination Clock: CLK rising

  Data Path: RST to bench_3_0
                                Gate     Net
    Cell:in->out      fanout   Delay   Delay  Logical Name (Net Name)
    ----------------------------------------  ------------
     IBUF:I->O             2   1.222   0.616  RST_IBUF (RST_IBUF)
     INV:I->O            128   0.206   1.950  RST_inv1_INV_0 (RST_inv)
     FDRE:R                    0.430          bench_3_0
    ----------------------------------------
    Total                      4.424ns (1.858ns logic, 2.566ns route)
                                       (42.0% logic, 58.0% route)

=========================================================================
Timing constraint: Default OFFSET OUT AFTER for Clock 'CLK'
  Total number of paths / destination ports: 8 / 8
-------------------------------------------------------------------------
Offset:              3.597ns (Levels of Logic = 1)
  Source:            Sigout_7 (FF)
  Destination:       outMEM<7> (PAD)
  Source Clock:      CLK rising

  Data Path: Sigout_7 to outMEM<7>
                                Gate     Net
    Cell:in->out      fanout   Delay   Delay  Logical Name (Net Name)
    ----------------------------------------  ------------
     FDE:C->Q              1   0.447   0.579  Sigout_7 (Sigout_7)
     OBUF:I->O                 2.571          outMEM_7_OBUF (outMEM<7>)
    ----------------------------------------
    Total                      3.597ns (3.018ns logic, 0.579ns route)
                                       (83.9% logic, 16.1% route)

=========================================================================

Cross Clock Domains Report:
--------------------------

Clock to Setup on destination clock CLK
---------------+---------+---------+---------+---------+
               | Src:Rise| Src:Fall| Src:Rise| Src:Fall|
Source Clock   |Dest:Rise|Dest:Rise|Dest:Fall|Dest:Fall|
---------------+---------+---------+---------+---------+
CLK            |    1.871|         |         |         |
---------------+---------+---------+---------+---------+

=========================================================================


Total REAL time to Xst completion: 6.00 secs
Total CPU time to Xst completion: 6.46 secs
 
--> 

Total memory usage is 256652 kilobytes

Number of errors   :    0 (   0 filtered)
Number of warnings :    1 (   0 filtered)
Number of infos    :    1 (   0 filtered)

